#
# There is insufficient memory for the Java Runtime Environment to continue.
# Native memory allocation (malloc) failed to allocate 32744 bytes for ChunkPool::allocate
# Possible reasons:
#   The system is out of physical RAM or swap space
#   The process is running with CompressedOops enabled, and the Java Heap may be blocking the growth of the native heap
# Possible solutions:
#   Reduce memory load on the system
#   Increase physical memory or swap space
#   Check if swap backing store is full
#   Decrease Java heap size (-Xmx/-Xms)
#   Decrease number of Java threads
#   Decrease Java thread stack sizes (-Xss)
#   Set larger code cache with -XX:ReservedCodeCacheSize=
#   JVM is running with Unscaled Compressed Oops mode in which the Java heap is
#     placed in the first 4GB address space. The Java Heap base address is the
#     maximum limit for the native heap growth. Please use -XX:HeapBaseMinAddress
#     to set the Java Heap base and to place the Java Heap above 4GB virtual address.
# This output file may be truncated or incomplete.
#
#  Out of Memory Error (allocation.cpp:272), pid=11348, tid=0x00000000000018cc
#
# JRE version: Java(TM) SE Runtime Environment (8.0_301-b09) (build 1.8.0_301-b09)
# Java VM: Java HotSpot(TM) 64-Bit Server VM (25.301-b09 mixed mode windows-amd64 compressed oops)
# Failed to write core dump. Minidumps are not enabled by default on client versions of Windows
#

---------------  T H R E A D  ---------------

Current thread (0x0000029e26a37800):  JavaThread "Daemon worker" [_thread_in_vm, id=6348, stack(0x000000d4ddc00000,0x000000d4ddd00000)]

Stack: [0x000000d4ddc00000,0x000000d4ddd00000]
Native frames: (J=compiled Java code, j=interpreted, Vv=VM code, C=native code)
V  [jvm.dll+0x32ed79]

Java frames: (J=compiled Java code, j=interpreted, Vv=VM code)
J 841  java.lang.ClassLoader.defineClass1(Ljava/lang/String;[BIILjava/security/ProtectionDomain;Ljava/lang/String;)Ljava/lang/Class; (0 bytes) @ 0x0000029e13a2da1f [0x0000029e13a2d980+0x9f]
J 781 C1 java.lang.ClassLoader.defineClass(Ljava/lang/String;[BIILjava/security/ProtectionDomain;)Ljava/lang/Class; (43 bytes) @ 0x0000029e13a085a4 [0x0000029e13a07fc0+0x5e4]
J 502 C1 java.net.URLClassLoader.defineClass(Ljava/lang/String;Lsun/misc/Resource;)Ljava/lang/Class; (142 bytes) @ 0x0000029e138fbfbc [0x0000029e138fa440+0x1b7c]
J 357 C1 java.net.URLClassLoader$1.run()Ljava/lang/Class; (63 bytes) @ 0x0000029e1388c3ac [0x0000029e1388c0e0+0x2cc]
J 356 C1 java.net.URLClassLoader$1.run()Ljava/lang/Object; (5 bytes) @ 0x0000029e13888e4c [0x0000029e13888dc0+0x8c]
v  ~StubRoutines::call_stub
J 275  java.security.AccessController.doPrivileged(Ljava/security/PrivilegedExceptionAction;Ljava/security/AccessControlContext;)Ljava/lang/Object; (0 bytes) @ 0x0000029e13860fe6 [0x0000029e13860f80+0x66]
J 1315 C2 java.net.URLClassLoader.findClass(Ljava/lang/String;)Ljava/lang/Class; (47 bytes) @ 0x0000029e13b7deb0 [0x0000029e13b7de20+0x90]
J 1264 C2 java.lang.ClassLoader.loadClass(Ljava/lang/String;Z)Ljava/lang/Class; (122 bytes) @ 0x0000029e13b57d10 [0x0000029e13b56d40+0xfd0]
J 348 C1 java.lang.ClassLoader.loadClass(Ljava/lang/String;)Ljava/lang/Class; (7 bytes) @ 0x0000029e138887cc [0x0000029e138886c0+0x10c]
v  ~StubRoutines::call_stub
j  org.gradle.internal.service.scopes.GlobalScopeServices.createImportsReader()Lorg/gradle/configuration/ImportsReader;+0
v  ~StubRoutines::call_stub
j  sun.reflect.NativeMethodAccessorImpl.invoke0(Ljava/lang/reflect/Method;Ljava/lang/Object;[Ljava/lang/Object;)Ljava/lang/Object;+0
j  sun.reflect.NativeMethodAccessorImpl.invoke(Ljava/lang/Object;[Ljava/lang/Object;)Ljava/lang/Object;+100
J 1271 C1 sun.reflect.DelegatingMethodAccessorImpl.invoke(Ljava/lang/Object;[Ljava/lang/Object;)Ljava/lang/Object; (10 bytes) @ 0x0000029e13b3dcc4 [0x0000029e13b3dbc0+0x104]
J 1270 C1 java.lang.reflect.Method.invoke(Ljava/lang/Object;[Ljava/lang/Object;)Ljava/lang/Object; (62 bytes) @ 0x0000029e13b3e46c [0x0000029e13b3e080+0x3ec]
j  org.gradle.internal.reflect.JavaMethod.invoke(Ljava/lang/Object;[Ljava/lang/Object;)Ljava/lang/Object;+6
j  org.gradle.internal.service.ReflectionBasedServiceMethod.invoke(Ljava/lang/Object;[Ljava/lang/Object;)Ljava/lang/Object;+6
j  org.gradle.internal.service.DefaultServiceRegistry$FactoryMethodService.invokeMethod([Ljava/lang/Object;)Ljava/lang/Object;+9
j  org.gradle.internal.service.DefaultServiceRegistry$FactoryService.create()Ljava/lang/Object;+7
J 1405 C1 org.gradle.internal.service.DefaultServiceRegistry$ManagedObjectServiceProvider.getInstance()Ljava/lang/Object; (81 bytes) @ 0x0000029e13bb5ccc [0x0000029e13bb5a80+0x24c]
J 1404 C1 org.gradle.internal.service.DefaultServiceRegistry$SingletonService.get()Ljava/lang/Object; (5 bytes) @ 0x0000029e13baf474 [0x0000029e13baf380+0xf4]
j  org.gradle.internal.service.DefaultServiceRegistry$FactoryService.assembleParameters()[Ljava/lang/Object;+44
j  org.gradle.internal.service.DefaultServiceRegistry$FactoryService.create()Ljava/lang/Object;+1
j  org.gradle.internal.service.DefaultServiceRegistry$ManagedObjectServiceProvider.getInstance()Ljava/lang/Object;+24
j  org.gradle.internal.service.DefaultServiceRegistry$SingletonService.get()Ljava/lang/Object;+1
j  org.gradle.internal.service.DefaultServiceRegistry$FactoryService.assembleParameters()[Ljava/lang/Object;+44
j  org.gradle.internal.service.DefaultServiceRegistry$FactoryService.create()Ljava/lang/Object;+1
j  org.gradle.internal.service.DefaultServiceRegistry$ManagedObjectServiceProvider.getInstance()Ljava/lang/Object;+24
j  org.gradle.internal.service.DefaultServiceRegistry$SingletonService.get()Ljava/lang/Object;+1
j  org.gradle.internal.service.DefaultServiceRegistry.find(Ljava/lang/reflect/Type;)Ljava/lang/Object;+22
j  org.gradle.internal.service.DefaultServiceRegistry.get(Ljava/lang/reflect/Type;)Ljava/lang/Object;+2
j  org.gradle.internal.service.DefaultServiceRegistry.get(Ljava/lang/Class;)Ljava/lang/Object;+3
j  org.gradle.internal.service.scopes.BuildScopeServices.defaultScriptPluginFactory()Lorg/gradle/configuration/DefaultScriptPluginFactory;+7
j  org.gradle.internal.service.scopes.BuildScopeServices.createScriptPluginFactory(Lorg/gradle/internal/instantiation/InstantiatorFactory;Lorg/gradle/internal/operations/BuildOperationExecutor;Lorg/gradle/configuration/internal/UserCodeApplicationContext;)Lorg/gradle/configuration/ScriptPluginFactory;+1
v  ~StubRoutines::call_stub
j  sun.reflect.NativeMethodAccessorImpl.invoke0(Ljava/lang/reflect/Method;Ljava/lang/Object;[Ljava/lang/Object;)Ljava/lang/Object;+0
j  sun.reflect.NativeMethodAccessorImpl.invoke(Ljava/lang/Object;[Ljava/lang/Object;)Ljava/lang/Object;+100
J 1271 C1 sun.reflect.DelegatingMethodAccessorImpl.invoke(Ljava/lang/Object;[Ljava/lang/Object;)Ljava/lang/Object; (10 bytes) @ 0x0000029e13b3dcc4 [0x0000029e13b3dbc0+0x104]
J 1270 C1 java.lang.reflect.Method.invoke(Ljava/lang/Object;[Ljava/lang/Object;)Ljava/lang/Object; (62 bytes) @ 0x0000029e13b3e46c [0x0000029e13b3e080+0x3ec]
j  org.gradle.internal.reflect.JavaMethod.invoke(Ljava/lang/Object;[Ljava/lang/Object;)Ljava/lang/Object;+6
j  org.gradle.internal.service.ReflectionBasedServiceMethod.invoke(Ljava/lang/Object;[Ljava/lang/Object;)Ljava/lang/Object;+6
j  org.gradle.internal.service.DefaultServiceRegistry$FactoryMethodService.invokeMethod([Ljava/lang/Object;)Ljava/lang/Object;+9
j  org.gradle.internal.service.DefaultServiceRegistry$FactoryService.create()Ljava/lang/Object;+7
j  org.gradle.internal.service.DefaultServiceRegistry$ManagedObjectServiceProvider.getInstance()Ljava/lang/Object;+24
j  org.gradle.internal.service.DefaultServiceRegistry$SingletonService.get()Ljava/lang/Object;+1
j  org.gradle.internal.service.DefaultServiceRegistry$FactoryService.assembleParameters()[Ljava/lang/Object;+44
j  org.gradle.internal.service.DefaultServiceRegistry$FactoryService.create()Ljava/lang/Object;+1
j  org.gradle.internal.service.DefaultServiceRegistry$ManagedObjectServiceProvider.getInstance()Ljava/lang/Object;+24
j  org.gradle.internal.service.DefaultServiceRegistry$SingletonService.get()Ljava/lang/Object;+1
j  org.gradle.internal.service.DefaultServiceRegistry$FactoryService.assembleParameters()[Ljava/lang/Object;+44
j  org.gradle.internal.service.DefaultServiceRegistry$FactoryService.create()Ljava/lang/Object;+1
j  org.gradle.internal.service.DefaultServiceRegistry$ManagedObjectServiceProvider.getInstance()Ljava/lang/Object;+24
j  org.gradle.internal.service.DefaultServiceRegistry$SingletonService.get()Ljava/lang/Object;+1
j  org.gradle.internal.service.DefaultServiceRegistry.find(Ljava/lang/reflect/Type;)Ljava/lang/Object;+22
j  org.gradle.internal.service.DefaultServiceRegistry.get(Ljava/lang/reflect/Type;)Ljava/lang/Object;+2
j  org.gradle.internal.service.DefaultServiceRegistry.get(Ljava/lang/Class;)Ljava/lang/Object;+3
j  org.gradle.initialization.DefaultGradleLauncherFactory.doNewInstance(Lorg/gradle/api/internal/BuildDefinition;Lorg/gradle/internal/build/BuildState;Lorg/gradle/initialization/GradleLauncher;Lorg/gradle/internal/service/scopes/BuildTreeScopeServices;Ljava/util/List;)Lorg/gradle/initialization/DefaultGradleLauncher;+231
j  org.gradle.initialization.DefaultGradleLauncherFactory.newInstance(Lorg/gradle/api/internal/BuildDefinition;Lorg/gradle/internal/build/RootBuildState;Lorg/gradle/internal/service/scopes/BuildTreeScopeServices;)Lorg/gradle/initialization/GradleLauncher;+33
j  org.gradle.composite.internal.DefaultRootBuildState.<init>(Lorg/gradle/api/internal/BuildDefinition;Lorg/gradle/initialization/GradleLauncherFactory;Lorg/gradle/internal/event/ListenerManager;Lorg/gradle/internal/service/scopes/BuildTreeScopeServices;)V+15
j  org.gradle.composite.internal.DefaultIncludedBuildRegistry.createRootBuild(Lorg/gradle/api/internal/BuildDefinition;)Lorg/gradle/internal/build/RootBuildState;+35
j  org.gradle.launcher.exec.InProcessBuildActionExecuter.execute(Lorg/gradle/internal/invocation/BuildAction;Lorg/gradle/initialization/BuildRequestContext;Lorg/gradle/launcher/exec/BuildActionParameters;Lorg/gradle/internal/service/ServiceRegistry;)Lorg/gradle/launcher/exec/BuildActionResult;+61
j  org.gradle.launcher.exec.InProcessBuildActionExecuter.execute(Lorg/gradle/internal/invocation/BuildAction;Lorg/gradle/initialization/BuildRequestContext;Ljava/lang/Object;Lorg/gradle/internal/service/ServiceRegistry;)Lorg/gradle/launcher/exec/BuildActionResult;+9
j  org.gradle.launcher.exec.BuildTreeScopeBuildActionExecuter.execute(Lorg/gradle/internal/invocation/BuildAction;Lorg/gradle/initialization/BuildRequestContext;Lorg/gradle/launcher/exec/BuildActionParameters;Lorg/gradle/internal/service/ServiceRegistry;)Lorg/gradle/launcher/exec/BuildActionResult;+38
j  org.gradle.launcher.exec.BuildTreeScopeBuildActionExecuter.execute(Lorg/gradle/internal/invocation/BuildAction;Lorg/gradle/initialization/BuildRequestContext;Ljava/lang/Object;Lorg/gradle/internal/service/ServiceRegistry;)Lorg/gradle/launcher/exec/BuildActionResult;+9
j  org.gradle.tooling.internal.provider.ContinuousBuildActionExecuter.execute(Lorg/gradle/internal/invocation/BuildAction;Lorg/gradle/initialization/BuildRequestContext;Lorg/gradle/launcher/exec/BuildActionParameters;Lorg/gradle/internal/service/ServiceRegistry;)Lorg/gradle/launcher/exec/BuildActionResult;+58
j  org.gradle.tooling.internal.provider.ContinuousBuildActionExecuter.execute(Lorg/gradle/internal/invocation/BuildAction;Lorg/gradle/initialization/BuildRequestContext;Ljava/lang/Object;Lorg/gradle/internal/service/ServiceRegistry;)Lorg/gradle/launcher/exec/BuildActionResult;+9
j  org.gradle.tooling.internal.provider.SubscribableBuildActionExecuter.execute(Lorg/gradle/internal/invocation/BuildAction;Lorg/gradle/initialization/BuildRequestContext;Lorg/gradle/launcher/exec/BuildActionParameters;Lorg/gradle/internal/service/ServiceRegistry;)Lorg/gradle/launcher/exec/BuildActionResult;+45
j  org.gradle.tooling.internal.provider.SubscribableBuildActionExecuter.execute(Lorg/gradle/internal/invocation/BuildAction;Lorg/gradle/initialization/BuildRequestContext;Ljava/lang/Object;Lorg/gradle/internal/service/ServiceRegistry;)Lorg/gradle/launcher/exec/BuildActionResult;+9
j  org.gradle.tooling.internal.provider.SessionScopeBuildActionExecuter.execute(Lorg/gradle/internal/invocation/BuildAction;Lorg/gradle/initialization/BuildRequestContext;Lorg/gradle/launcher/exec/BuildActionParameters;Lorg/gradle/internal/service/ServiceRegistry;)Lorg/gradle/launcher/exec/BuildActionResult;+117
j  org.gradle.tooling.internal.provider.SessionScopeBuildActionExecuter.execute(Lorg/gradle/internal/invocation/BuildAction;Lorg/gradle/initialization/BuildRequestContext;Ljava/lang/Object;Lorg/gradle/internal/service/ServiceRegistry;)Lorg/gradle/launcher/exec/BuildActionResult;+9
j  org.gradle.tooling.internal.provider.GradleThreadBuildActionExecuter.execute(Lorg/gradle/internal/invocation/BuildAction;Lorg/gradle/initialization/BuildRequestContext;Lorg/gradle/launcher/exec/BuildActionParameters;Lorg/gradle/internal/service/ServiceRegistry;)Lorg/gradle/launcher/exec/BuildActionResult;+12
j  org.gradle.tooling.internal.provider.GradleThreadBuildActionExecuter.execute(Lorg/gradle/internal/invocation/BuildAction;Lorg/gradle/initialization/BuildRequestContext;Ljava/lang/Object;Lorg/gradle/internal/service/ServiceRegistry;)Lorg/gradle/launcher/exec/BuildActionResult;+9
j  org.gradle.tooling.internal.provider.ParallelismConfigurationBuildActionExecuter.execute(Lorg/gradle/internal/invocation/BuildAction;Lorg/gradle/initialization/BuildRequestContext;Lorg/gradle/launcher/exec/BuildActionParameters;Lorg/gradle/internal/service/ServiceRegistry;)Lorg/gradle/launcher/exec/BuildActionResult;+43
j  org.gradle.tooling.internal.provider.ParallelismConfigurationBuildActionExecuter.execute(Lorg/gradle/internal/invocation/BuildAction;Lorg/gradle/initialization/BuildRequestContext;Ljava/lang/Object;Lorg/gradle/internal/service/ServiceRegistry;)Lorg/gradle/launcher/exec/BuildActionResult;+9
j  org.gradle.tooling.internal.provider.StartParamsValidatingActionExecuter.execute(Lorg/gradle/internal/invocation/BuildAction;Lorg/gradle/initialization/BuildRequestContext;Lorg/gradle/launcher/exec/BuildActionParameters;Lorg/gradle/internal/service/ServiceRegistry;)Lorg/gradle/launcher/exec/BuildActionResult;+177
j  org.gradle.tooling.internal.provider.StartParamsValidatingActionExecuter.execute(Lorg/gradle/internal/invocation/BuildAction;Lorg/gradle/initialization/BuildRequestContext;Ljava/lang/Object;Lorg/gradle/internal/service/ServiceRegistry;)Lorg/gradle/launcher/exec/BuildActionResult;+9
j  org.gradle.tooling.internal.provider.SessionFailureReportingActionExecuter.execute(Lorg/gradle/internal/invocation/BuildAction;Lorg/gradle/initialization/BuildRequestContext;Lorg/gradle/launcher/exec/BuildActionParameters;Lorg/gradle/internal/service/ServiceRegistry;)Lorg/gradle/launcher/exec/BuildActionResult;+9
j  org.gradle.tooling.internal.provider.SessionFailureReportingActionExecuter.execute(Lorg/gradle/internal/invocation/BuildAction;Lorg/gradle/initialization/BuildRequestContext;Ljava/lang/Object;Lorg/gradle/internal/service/ServiceRegistry;)Lorg/gradle/launcher/exec/BuildActionResult;+9
j  org.gradle.tooling.internal.provider.SetupLoggingActionExecuter.execute(Lorg/gradle/internal/invocation/BuildAction;Lorg/gradle/initialization/BuildRequestContext;Lorg/gradle/launcher/exec/BuildActionParameters;Lorg/gradle/internal/service/ServiceRegistry;)Lorg/gradle/launcher/exec/BuildActionResult;+52
j  org.gradle.tooling.internal.provider.SetupLoggingActionExecuter.execute(Lorg/gradle/internal/invocation/BuildAction;Lorg/gradle/initialization/BuildRequestContext;Ljava/lang/Object;Lorg/gradle/internal/service/ServiceRegistry;)Lorg/gradle/launcher/exec/BuildActionResult;+9
j  org.gradle.launcher.daemon.server.exec.ExecuteBuild.doBuild(Lorg/gradle/launcher/daemon/server/api/DaemonCommandExecution;Lorg/gradle/launcher/daemon/protocol/Build;)V+118
j  org.gradle.launcher.daemon.server.exec.BuildCommandOnly.execute(Lorg/gradle/launcher/daemon/server/api/DaemonCommandExecution;)V+49
j  org.gradle.launcher.daemon.server.api.DaemonCommandExecution.proceed()Z+23
j  org.gradle.launcher.daemon.server.exec.WatchForDisconnection.execute(Lorg/gradle/launcher/daemon/server/api/DaemonCommandExecution;)V+19
j  org.gradle.launcher.daemon.server.api.DaemonCommandExecution.proceed()Z+23
j  org.gradle.launcher.daemon.server.exec.ResetDeprecationLogger.execute(Lorg/gradle/launcher/daemon/server/api/DaemonCommandExecution;)V+4
j  org.gradle.launcher.daemon.server.api.DaemonCommandExecution.proceed()Z+23
j  org.gradle.launcher.daemon.server.exec.RequestStopIfSingleUsedDaemon.execute(Lorg/gradle/launcher/daemon/server/api/DaemonCommandExecution;)V+33
j  org.gradle.launcher.daemon.server.api.DaemonCommandExecution.proceed()Z+23
j  org.gradle.launcher.daemon.server.exec.ForwardClientInput$2.create()Ljava/lang/Void;+4
j  org.gradle.launcher.daemon.server.exec.ForwardClientInput$2.create()Ljava/lang/Object;+1
j  org.gradle.util.Swapper.swap(Ljava/lang/Object;Lorg/gradle/internal/Factory;)Ljava/lang/Object;+21
j  org.gradle.launcher.daemon.server.exec.ForwardClientInput.execute(Lorg/gradle/launcher/daemon/server/api/DaemonCommandExecution;)V+63
j  org.gradle.launcher.daemon.server.api.DaemonCommandExecution.proceed()Z+23
j  org.gradle.launcher.daemon.server.exec.LogAndCheckHealth.execute(Lorg/gradle/launcher/daemon/server/api/DaemonCommandExecution;)V+28
j  org.gradle.launcher.daemon.server.api.DaemonCommandExecution.proceed()Z+23
j  org.gradle.launcher.daemon.server.exec.LogToClient.doBuild(Lorg/gradle/launcher/daemon/server/api/DaemonCommandExecution;Lorg/gradle/launcher/daemon/protocol/Build;)V+87
j  org.gradle.launcher.daemon.server.exec.BuildCommandOnly.execute(Lorg/gradle/launcher/daemon/server/api/DaemonCommandExecution;)V+49
j  org.gradle.launcher.daemon.server.api.DaemonCommandExecution.proceed()Z+23
j  org.gradle.launcher.daemon.server.exec.EstablishBuildEnvironment.doBuild(Lorg/gradle/launcher/daemon/server/api/DaemonCommandExecution;Lorg/gradle/launcher/daemon/protocol/Build;)V+351
j  org.gradle.launcher.daemon.server.exec.BuildCommandOnly.execute(Lorg/gradle/launcher/daemon/server/api/DaemonCommandExecution;)V+49
j  org.gradle.launcher.daemon.server.api.DaemonCommandExecution.proceed()Z+23
j  org.gradle.launcher.daemon.server.exec.StartBuildOrRespondWithBusy$1.run()V+44
j  org.gradle.launcher.daemon.server.DaemonStateCoordinator$1.run()V+4
j  org.gradle.internal.concurrent.ExecutorPolicy$CatchAndRecordFailures.onExecute(Ljava/lang/Runnable;)V+1
j  org.gradle.internal.concurrent.ManagedExecutorImpl$1.run()V+25
j  java.util.concurrent.ThreadPoolExecutor.runWorker(Ljava/util/concurrent/ThreadPoolExecutor$Worker;)V+95
j  java.util.concurrent.ThreadPoolExecutor$Worker.run()V+5
j  org.gradle.internal.concurrent.ThreadFactoryImpl$ManagedThreadRunnable.run()V+7
j  java.lang.Thread.run()V+11
v  ~StubRoutines::call_stub

---------------  P R O C E S S  ---------------

Java Threads: ( => current thread )
  0x0000029e27cf1800 JavaThread "Cache worker for journal cache (C:\Users\vkumar\.gradle\caches\journal-1)" [_thread_blocked, id=10200, stack(0x000000d4de200000,0x000000d4de300000)]
  0x0000029e27cf2000 JavaThread "File lock request listener" [_thread_in_native, id=7680, stack(0x000000d4de100000,0x000000d4de200000)]
  0x0000029e27ced000 JavaThread "Cache worker for file hash cache (C:\Users\vkumar\.gradle\caches\5.6.4\fileHashes)" [_thread_blocked, id=5356, stack(0x000000d4de000000,0x000000d4de100000)]
  0x0000029e27395800 JavaThread "Thread-9" [_thread_blocked, id=7060, stack(0x000000d4ddf00000,0x000000d4de000000)]
  0x0000029e273a4800 JavaThread "Stdin handler" [_thread_blocked, id=7968, stack(0x000000d4dde00000,0x000000d4ddf00000)]
  0x0000029e2739b000 JavaThread "Asynchronous log dispatcher for DefaultDaemonConnection: socket connection from /127.0.0.1:65474 to /127.0.0.1:65475" [_thread_blocked, id=13304, stack(0x000000d4ddd00000,0x000000d4dde00000)]
=>0x0000029e26a37800 JavaThread "Daemon worker" [_thread_in_vm, id=6348, stack(0x000000d4ddc00000,0x000000d4ddd00000)]
  0x0000029e26a34800 JavaThread "Cancel handler" [_thread_blocked, id=548, stack(0x000000d4ddb00000,0x000000d4ddc00000)]
  0x0000029e26a33000 JavaThread "Handler for socket connection from /127.0.0.1:65474 to /127.0.0.1:65475" [_thread_in_native, id=5452, stack(0x000000d4dda00000,0x000000d4ddb00000)]
  0x0000029e27322000 JavaThread "Daemon" [_thread_blocked, id=11012, stack(0x000000d4dd900000,0x000000d4dda00000)]
  0x0000029e27311800 JavaThread "Daemon periodic checks" [_thread_blocked, id=13116, stack(0x000000d4dd800000,0x000000d4dd900000)]
  0x0000029e27302800 JavaThread "Incoming local TCP Connector on port 65474" [_thread_in_native, id=12244, stack(0x000000d4dd700000,0x000000d4dd800000)]
  0x0000029e265cc000 JavaThread "Daemon health stats" [_thread_blocked, id=14812, stack(0x000000d4dd600000,0x000000d4dd700000)]
  0x0000029e24d04800 JavaThread "Service Thread" daemon [_thread_blocked, id=14788, stack(0x000000d4dd400000,0x000000d4dd500000)]
  0x0000029e24c8a800 JavaThread "C1 CompilerThread2" daemon [_thread_blocked, id=7188, stack(0x000000d4dd300000,0x000000d4dd400000)]
  0x0000029e24c7a800 JavaThread "C2 CompilerThread1" daemon [_thread_in_native, id=4164, stack(0x000000d4dd200000,0x000000d4dd300000)]
  0x0000029e24c78000 JavaThread "C2 CompilerThread0" daemon [_thread_in_native, id=1040, stack(0x000000d4dd100000,0x000000d4dd200000)]
  0x0000029e24c75000 JavaThread "Attach Listener" daemon [_thread_blocked, id=13896, stack(0x000000d4dd000000,0x000000d4dd100000)]
  0x0000029e24c72000 JavaThread "Signal Dispatcher" daemon [_thread_blocked, id=14352, stack(0x000000d4dcf00000,0x000000d4dd000000)]
  0x0000029e24527800 JavaThread "Finalizer" daemon [_thread_blocked, id=14340, stack(0x000000d4dce00000,0x000000d4dcf00000)]
  0x0000029e24c56000 JavaThread "Reference Handler" daemon [_thread_blocked, id=3552, stack(0x000000d4dcd00000,0x000000d4dce00000)]
  0x0000029e11bf4000 JavaThread "main" [_thread_blocked, id=732, stack(0x000000d4dc700000,0x000000d4dc800000)]

Other Threads:
  0x0000029e24c33000 VMThread [stack: 0x000000d4dcc00000,0x000000d4dcd00000] [id=2068]
  0x0000029e24d1f800 WatcherThread [stack: 0x000000d4dd500000,0x000000d4dd600000] [id=4916]

VM state:not at safepoint (normal execution)

VM Mutex/Monitor currently owned by a thread: None

heap address: 0x00000000e0000000, size: 512 MB, Compressed Oops mode: 32-bit
Narrow klass base: 0x0000000000000000, Narrow klass shift: 3
Compressed class space size: 1073741824 Address: 0x0000000100000000

Heap:
 PSYoungGen      total 76288K, used 19958K [0x00000000f5580000, 0x00000000fea80000, 0x0000000100000000)
  eden space 65536K, 15% used [0x00000000f5580000,0x00000000f5fb90c8,0x00000000f9580000)
  from space 10752K, 88% used [0x00000000fa000000,0x00000000fa944ad8,0x00000000faa80000)
  to   space 10752K, 0% used [0x00000000f9580000,0x00000000f9580000,0x00000000fa000000)
 ParOldGen       total 175104K, used 24K [0x00000000e0000000, 0x00000000eab00000, 0x00000000f5580000)
  object space 175104K, 0% used [0x00000000e0000000,0x00000000e0006000,0x00000000eab00000)
 Metaspace       used 15119K, capacity 15490K, committed 15744K, reserved 1062912K
  class space    used 2184K, capacity 2339K, committed 2432K, reserved 1048576K

Card table byte_map: [0x0000029e11d90000,0x0000029e11ea0000] byte_map_base: 0x0000029e11690000

Marking Bits: (ParMarkBitMap*) 0x0000000064157fe0
 Begin Bits: [0x0000029e22b30000, 0x0000029e23330000)
 End Bits:   [0x0000029e23330000, 0x0000029e23b30000)

Polling page: 0x0000029e11b90000

CodeCache: size=245760Kb used=5076Kb max_used=5076Kb free=240683Kb
 bounds [0x0000029e136c0000, 0x0000029e13bc0000, 0x0000029e226c0000]
 total_blobs=1791 nmethods=1405 adapters=299
 compilation: enabled

Compilation events (10 events):
Event: 1.848 Thread 0x0000029e24c8a800 1403       3       java.nio.HeapByteBuffer::ix (7 bytes)
Event: 1.848 Thread 0x0000029e24c8a800 nmethod 1403 0x0000029e13baf610 code [0x0000029e13baf760, 0x0000029e13baf8b8]
Event: 1.850 Thread 0x0000029e24c8a800 1404       3       org.gradle.internal.service.DefaultServiceRegistry$SingletonService::get (5 bytes)
Event: 1.850 Thread 0x0000029e24c8a800 nmethod 1404 0x0000029e13baf210 code [0x0000029e13baf380, 0x0000029e13baf590]
Event: 1.850 Thread 0x0000029e24c8a800 1405   !   3       org.gradle.internal.service.DefaultServiceRegistry$ManagedObjectServiceProvider::getInstance (81 bytes)
Event: 1.850 Thread 0x0000029e24c8a800 nmethod 1405 0x0000029e13bb5910 code [0x0000029e13bb5a80, 0x0000029e13bb5ef0]
Event: 1.850 Thread 0x0000029e24c8a800 1407       3       sun.reflect.MethodAccessorImpl::<init> (5 bytes)
Event: 1.850 Thread 0x0000029e24c8a800 nmethod 1407 0x0000029e13bb5fd0 code [0x0000029e13bb6140, 0x0000029e13bb6358]
Event: 1.850 Thread 0x0000029e24c8a800 1406       1       java.lang.reflect.Method::getMethodAccessor (5 bytes)
Event: 1.850 Thread 0x0000029e24c8a800 nmethod 1406 0x0000029e13bb6450 code [0x0000029e13bb65a0, 0x0000029e13bb66b8]

GC Heap History (4 events):
Event: 0.917 GC heap before
{Heap before GC invocations=1 (full 0):
 PSYoungGen      total 76288K, used 65536K [0x00000000f5580000, 0x00000000faa80000, 0x0000000100000000)
  eden space 65536K, 100% used [0x00000000f5580000,0x00000000f9580000,0x00000000f9580000)
  from space 10752K, 0% used [0x00000000fa000000,0x00000000fa000000,0x00000000faa80000)
  to   space 10752K, 0% used [0x00000000f9580000,0x00000000f9580000,0x00000000fa000000)
 ParOldGen       total 175104K, used 0K [0x00000000e0000000, 0x00000000eab00000, 0x00000000f5580000)
  object space 175104K, 0% used [0x00000000e0000000,0x00000000e0000000,0x00000000eab00000)
 Metaspace       used 6969K, capacity 7240K, committed 7424K, reserved 1056768K
  class space    used 878K, capacity 948K, committed 1024K, reserved 1048576K
Event: 0.924 GC heap after
Heap after GC invocations=1 (full 0):
 PSYoungGen      total 76288K, used 5603K [0x00000000f5580000, 0x00000000faa80000, 0x0000000100000000)
  eden space 65536K, 0% used [0x00000000f5580000,0x00000000f5580000,0x00000000f9580000)
  from space 10752K, 52% used [0x00000000f9580000,0x00000000f9af8d20,0x00000000fa000000)
  to   space 10752K, 0% used [0x00000000fa000000,0x00000000fa000000,0x00000000faa80000)
 ParOldGen       total 175104K, used 16K [0x00000000e0000000, 0x00000000eab00000, 0x00000000f5580000)
  object space 175104K, 0% used [0x00000000e0000000,0x00000000e0004000,0x00000000eab00000)
 Metaspace       used 6969K, capacity 7240K, committed 7424K, reserved 1056768K
  class space    used 878K, capacity 948K, committed 1024K, reserved 1048576K
}
Event: 1.736 GC heap before
{Heap before GC invocations=2 (full 0):
 PSYoungGen      total 76288K, used 71139K [0x00000000f5580000, 0x00000000faa80000, 0x0000000100000000)
  eden space 65536K, 100% used [0x00000000f5580000,0x00000000f9580000,0x00000000f9580000)
  from space 10752K, 52% used [0x00000000f9580000,0x00000000f9af8d20,0x00000000fa000000)
  to   space 10752K, 0% used [0x00000000fa000000,0x00000000fa000000,0x00000000faa80000)
 ParOldGen       total 175104K, used 16K [0x00000000e0000000, 0x00000000eab00000, 0x00000000f5580000)
  object space 175104K, 0% used [0x00000000e0000000,0x00000000e0004000,0x00000000eab00000)
 Metaspace       used 14155K, capacity 14468K, committed 14720K, reserved 1062912K
  class space    used 2021K, capacity 2118K, committed 2176K, reserved 1048576K
Event: 1.750 GC heap after
Heap after GC invocations=2 (full 0):
 PSYoungGen      total 76288K, used 9490K [0x00000000f5580000, 0x00000000fea80000, 0x0000000100000000)
  eden space 65536K, 0% used [0x00000000f5580000,0x00000000f5580000,0x00000000f9580000)
  from space 10752K, 88% used [0x00000000fa000000,0x00000000fa944ad8,0x00000000faa80000)
  to   space 10752K, 0% used [0x00000000f9580000,0x00000000f9580000,0x00000000fa000000)
 ParOldGen       total 175104K, used 24K [0x00000000e0000000, 0x00000000eab00000, 0x00000000f5580000)
  object space 175104K, 0% used [0x00000000e0000000,0x00000000e0006000,0x00000000eab00000)
 Metaspace       used 14155K, capacity 14468K, committed 14720K, reserved 1062912K
  class space    used 2021K, capacity 2118K, committed 2176K, reserved 1048576K
}

Deoptimization events (10 events):
Event: 1.102 Thread 0x0000029e11bf4000 Uncommon trap: reason=bimorphic action=maybe_recompile pc=0x0000029e13981fd4 method=java.util.HashMap.putVal(ILjava/lang/Object;Ljava/lang/Object;ZZ)Ljava/lang/Object; @ 203
Event: 1.221 Thread 0x0000029e11bf4000 Uncommon trap: reason=unstable_if action=reinterpret pc=0x0000029e139555f4 method=java.io.WinNTFileSystem.normalize(Ljava/lang/String;)Ljava/lang/String; @ 128
Event: 1.441 Thread 0x0000029e26a37800 Uncommon trap: reason=bimorphic action=maybe_recompile pc=0x0000029e13981584 method=java.util.HashMap.putVal(ILjava/lang/Object;Ljava/lang/Object;ZZ)Ljava/lang/Object; @ 253
Event: 1.441 Thread 0x0000029e26a37800 Uncommon trap: reason=bimorphic action=maybe_recompile pc=0x0000029e13981584 method=java.util.HashMap.putVal(ILjava/lang/Object;Ljava/lang/Object;ZZ)Ljava/lang/Object; @ 253
Event: 1.441 Thread 0x0000029e26a37800 Uncommon trap: reason=bimorphic action=maybe_recompile pc=0x0000029e13981584 method=java.util.HashMap.putVal(ILjava/lang/Object;Ljava/lang/Object;ZZ)Ljava/lang/Object; @ 253
Event: 1.441 Thread 0x0000029e26a37800 Uncommon trap: reason=bimorphic action=maybe_recompile pc=0x0000029e1396e658 method=java.util.HashMap.putVal(ILjava/lang/Object;Ljava/lang/Object;ZZ)Ljava/lang/Object; @ 253
Event: 1.606 Thread 0x0000029e26a37800 Uncommon trap: reason=class_check action=maybe_recompile pc=0x0000029e1398ce98 method=java.util.regex.Matcher.match(II)Z @ 86
Event: 1.616 Thread 0x0000029e26a37800 Uncommon trap: reason=class_check action=maybe_recompile pc=0x0000029e1398ce98 method=java.util.regex.Matcher.match(II)Z @ 86
Event: 1.617 Thread 0x0000029e26a37800 Uncommon trap: reason=class_check action=maybe_recompile pc=0x0000029e1398ce98 method=java.util.regex.Matcher.match(II)Z @ 86
Event: 1.617 Thread 0x0000029e26a37800 Uncommon trap: reason=class_check action=maybe_recompile pc=0x0000029e138318d4 method=java.util.regex.Matcher.match(II)Z @ 86

Classes redefined (0 events):
No events

Internal exceptions (10 events):
Event: 0.447 Thread 0x0000029e11bf4000 Exception <a 'java/lang/ArrayIndexOutOfBoundsException'> (0x00000000f687e5e8) thrown at [C:\jenkins\workspace\8-2-build-windows-amd64-cygwin\jdk8u301\1513\hotspot\src\share\vm\runtime\sharedRuntime.cpp, line 609]
Event: 0.448 Thread 0x0000029e11bf4000 Exception <a 'java/lang/ArrayIndexOutOfBoundsException'> (0x00000000f6892da8) thrown at [C:\jenkins\workspace\8-2-build-windows-amd64-cygwin\jdk8u301\1513\hotspot\src\share\vm\runtime\sharedRuntime.cpp, line 609]
Event: 0.449 Thread 0x0000029e11bf4000 Exception <a 'java/lang/ArrayIndexOutOfBoundsException'> (0x00000000f689ef50) thrown at [C:\jenkins\workspace\8-2-build-windows-amd64-cygwin\jdk8u301\1513\hotspot\src\share\vm\runtime\sharedRuntime.cpp, line 609]
Event: 0.449 Thread 0x0000029e11bf4000 Exception <a 'java/lang/ArrayIndexOutOfBoundsException'> (0x00000000f68a9b20) thrown at [C:\jenkins\workspace\8-2-build-windows-amd64-cygwin\jdk8u301\1513\hotspot\src\share\vm\runtime\sharedRuntime.cpp, line 609]
Event: 1.085 Thread 0x0000029e11bf4000 Exception <a 'java/lang/NoSuchFieldError': method resolution failed> (0x00000000f65cb2a0) thrown at [C:\jenkins\workspace\8-2-build-windows-amd64-cygwin\jdk8u301\1513\hotspot\src\share\vm\prims\methodHandles.cpp, line 1169]
Event: 1.086 Thread 0x0000029e11bf4000 Exception <a 'java/lang/NoSuchFieldError': method resolution failed> (0x00000000f65d9048) thrown at [C:\jenkins\workspace\8-2-build-windows-amd64-cygwin\jdk8u301\1513\hotspot\src\share\vm\prims\methodHandles.cpp, line 1169]
Event: 1.385 Thread 0x0000029e11bf4000 Exception <a 'java/io/IOException'> (0x00000000f6e1d060) thrown at [C:\jenkins\workspace\8-2-build-windows-amd64-cygwin\jdk8u301\1513\hotspot\src\share\vm\prims\jni.cpp, line 710]
Event: 1.836 Thread 0x0000029e26a37800 Exception <a 'java/lang/NoSuchMethodError': java.lang.Object.lambda$and$0(Ljava/util/function/Predicate;Ljava/lang/Object;)Z> (0x00000000f5dba0b8) thrown at [C:\jenkins\workspace\8-2-build-windows-amd64-cygwin\jdk8u301\1513\hotspot\src\share\vm\interprete
Event: 1.841 Thread 0x0000029e26a37800 Exception <a 'java/lang/IncompatibleClassChangeError': Found class java.lang.Object, but interface was expected> (0x00000000f5dd06e8) thrown at [C:\jenkins\workspace\8-2-build-windows-amd64-cygwin\jdk8u301\1513\hotspot\src\share\vm\interpreter\linkResolve
Event: 1.843 Thread 0x0000029e26a37800 Exception <a 'java/lang/NoSuchMethodError': java.lang.Object.lambda$or$2(Ljava/util/function/Predicate;Ljava/lang/Object;)Z> (0x00000000f5dd5670) thrown at [C:\jenkins\workspace\8-2-build-windows-amd64-cygwin\jdk8u301\1513\hotspot\src\share\vm\interpreter

Events (10 events):
Event: 1.861 loading class org/gradle/api/internal/initialization/loadercache/ClassLoaderCacheInternal
Event: 1.861 loading class org/gradle/api/internal/initialization/loadercache/ClassLoaderCacheInternal done
Event: 1.861 loading class org/gradle/api/internal/initialization/loadercache/DefaultClassLoaderCache$ClassLoaderSpec
Event: 1.861 loading class org/gradle/api/internal/initialization/loadercache/DefaultClassLoaderCache$ClassLoaderSpec done
Event: 1.861 loading class org/gradle/api/internal/initialization/loadercache/DefaultClassLoaderCache$ManagedClassLoaderSpec
Event: 1.861 loading class org/gradle/api/internal/initialization/loadercache/DefaultClassLoaderCache$ManagedClassLoaderSpec done
Event: 1.862 loading class org/gradle/api/internal/initialization/loadercache/DefaultClassLoaderCache$UnmanagedClassLoaderSpec
Event: 1.862 loading class org/gradle/api/internal/initialization/loadercache/DefaultClassLoaderCache$UnmanagedClassLoaderSpec done
Event: 1.862 loading class org/gradle/configuration/DefaultImportsReader
Event: 1.862 loading class org/gradle/configuration/DefaultImportsReader done


Dynamic libraries:
0x00007ff6a2020000 - 0x00007ff6a2067000 	C:\Program Files\Java\jdk1.8.0_301\bin\java.exe
0x00007ffb50cb0000 - 0x00007ffb50ea5000 	C:\Windows\SYSTEM32\ntdll.dll
0x00007ffb50350000 - 0x00007ffb5040e000 	C:\Windows\System32\KERNEL32.DLL
0x00007ffb4e660000 - 0x00007ffb4e929000 	C:\Windows\System32\KERNELBASE.dll
0x00007ffb4ffd0000 - 0x00007ffb5007c000 	C:\Windows\System32\ADVAPI32.dll
0x00007ffb4fec0000 - 0x00007ffb4ff5e000 	C:\Windows\System32\msvcrt.dll
0x00007ffb4fc70000 - 0x00007ffb4fd0b000 	C:\Windows\System32\sechost.dll
0x00007ffb4fb40000 - 0x00007ffb4fc6a000 	C:\Windows\System32\RPCRT4.dll
0x00007ffb50630000 - 0x00007ffb507d1000 	C:\Windows\System32\USER32.dll
0x00007ffb4ecd0000 - 0x00007ffb4ecf2000 	C:\Windows\System32\win32u.dll
0x00007ffb4f2b0000 - 0x00007ffb4f2db000 	C:\Windows\System32\GDI32.dll
0x00007ffb4eb40000 - 0x00007ffb4ec4b000 	C:\Windows\System32\gdi32full.dll
0x00007ffb4e430000 - 0x00007ffb4e4cd000 	C:\Windows\System32\msvcp_win.dll
0x00007ffb4e560000 - 0x00007ffb4e660000 	C:\Windows\System32\ucrtbase.dll
0x00007ffb301d0000 - 0x00007ffb3046a000 	C:\Windows\WinSxS\amd64_microsoft.windows.common-controls_6595b64144ccf1df_6.0.19041.1110_none_60b5254171f9507e\COMCTL32.dll
0x00007ffb50310000 - 0x00007ffb50340000 	C:\Windows\System32\IMM32.DLL
0x00007ffb32b10000 - 0x00007ffb32b25000 	C:\Program Files\Java\jdk1.8.0_301\jre\bin\vcruntime140.dll
0x00007ffb1dd60000 - 0x00007ffb1ddfb000 	C:\Program Files\Java\jdk1.8.0_301\jre\bin\msvcp140.dll
0x0000000063970000 - 0x00000000641d0000 	C:\Program Files\Java\jdk1.8.0_301\jre\bin\server\jvm.dll
0x00007ffb50340000 - 0x00007ffb50348000 	C:\Windows\System32\PSAPI.DLL
0x00007ffb21910000 - 0x00007ffb21919000 	C:\Windows\SYSTEM32\WSOCK32.dll
0x00007ffb2f380000 - 0x00007ffb2f3a7000 	C:\Windows\SYSTEM32\WINMM.dll
0x00007ffb49100000 - 0x00007ffb4910a000 	C:\Windows\SYSTEM32\VERSION.dll
0x00007ffb505c0000 - 0x00007ffb5062b000 	C:\Windows\System32\WS2_32.dll
0x00007ffb4c2b0000 - 0x00007ffb4c2c2000 	C:\Windows\SYSTEM32\kernel.appcore.dll
0x00007ffb32b00000 - 0x00007ffb32b10000 	C:\Program Files\Java\jdk1.8.0_301\jre\bin\verify.dll
0x00007ffb32a70000 - 0x00007ffb32a9b000 	C:\Program Files\Java\jdk1.8.0_301\jre\bin\java.dll
0x00007ffb32a50000 - 0x00007ffb32a68000 	C:\Program Files\Java\jdk1.8.0_301\jre\bin\zip.dll
0x00007ffb4f400000 - 0x00007ffb4fb3f000 	C:\Windows\System32\SHELL32.dll
0x00007ffb4c4b0000 - 0x00007ffb4cc40000 	C:\Windows\SYSTEM32\windows.storage.dll
0x00007ffb4ee90000 - 0x00007ffb4f1e5000 	C:\Windows\System32\combase.dll
0x00007ffb4dc70000 - 0x00007ffb4dc9c000 	C:\Windows\SYSTEM32\Wldp.dll
0x00007ffb50130000 - 0x00007ffb501de000 	C:\Windows\System32\SHCORE.dll
0x00007ffb4f1f0000 - 0x00007ffb4f245000 	C:\Windows\System32\shlwapi.dll
0x00007ffb4e310000 - 0x00007ffb4e32f000 	C:\Windows\SYSTEM32\profapi.dll
0x00007ffb2b3f0000 - 0x00007ffb2b40c000 	C:\Program Files\Java\jdk1.8.0_301\jre\bin\net.dll
0x00007ffb4da50000 - 0x00007ffb4daba000 	C:\Windows\system32\mswsock.dll
0x00007ffb21ad0000 - 0x00007ffb21ae3000 	C:\Program Files\Java\jdk1.8.0_301\jre\bin\nio.dll
0x00007ffb21920000 - 0x00007ffb21946000 	C:\Users\vkumar\.gradle\native\30\windows-amd64\native-platform.dll
0x00007ffb2b3e0000 - 0x00007ffb2b3ed000 	C:\Program Files\Java\jdk1.8.0_301\jre\bin\management.dll
0x00007ffb4dcb0000 - 0x00007ffb4dcc8000 	C:\Windows\SYSTEM32\CRYPTSP.dll
0x00007ffb4d3f0000 - 0x00007ffb4d424000 	C:\Windows\system32\rsaenh.dll
0x00007ffb4ec50000 - 0x00007ffb4ec77000 	C:\Windows\System32\bcrypt.dll
0x00007ffb4e290000 - 0x00007ffb4e2be000 	C:\Windows\SYSTEM32\USERENV.dll
0x00007ffb4e4d0000 - 0x00007ffb4e553000 	C:\Windows\System32\bcryptprimitives.dll
0x00007ffb4dbe0000 - 0x00007ffb4dbec000 	C:\Windows\SYSTEM32\CRYPTBASE.dll
0x00007ffb4d760000 - 0x00007ffb4d79b000 	C:\Windows\SYSTEM32\IPHLPAPI.DLL
0x00007ffb507e0000 - 0x00007ffb507e8000 	C:\Windows\System32\NSI.dll
0x00007ffb49d30000 - 0x00007ffb49d47000 	C:\Windows\SYSTEM32\dhcpcsvc6.DLL
0x00007ffb49c50000 - 0x00007ffb49c6d000 	C:\Windows\SYSTEM32\dhcpcsvc.DLL
0x00007ffb4d7a0000 - 0x00007ffb4d86c000 	C:\Windows\SYSTEM32\DNSAPI.dll

VM Arguments:
jvm_args: -XX:MaxMetaspaceSize=256m -XX:+HeapDumpOnOutOfMemoryError -Xms256m -Xmx512m -Dfile.encoding=windows-1252 -Duser.country=US -Duser.language=en -Duser.variant 
java_command: org.gradle.launcher.daemon.bootstrap.GradleDaemon 5.6.4
java_class_path (initial): C:\Users\vkumar\.gradle\wrapper\dists\gradle-5.6.4-all\ankdp27end7byghfw1q2sw75f\gradle-5.6.4\lib\gradle-launcher-5.6.4.jar
Launcher Type: SUN_STANDARD

Environment Variables:
JAVA_HOME=C:\Program Files\Java\jdk1.8.0_301
CLASSPATH=C:\Corda1\samples-java\Advanced\duediligence-cordapp\\gradle\wrapper\gradle-wrapper.jar
PATH=C:\Python310\Scripts\;C:\Python310\;C:\Program Files (x86)\Microsoft SDKs\Azure\CLI2\wbin;C:\Program Files (x86)\Common Files\Oracle\Java\javapath;C:\Windows\system32;C:\Windows;C:\Windows\System32\Wbem;C:\Windows\System32\WindowsPowerShell\v1.0\;C:\Windows\System32\OpenSSH\;C:\Program Files\Java\jdk1.8.0_301\bin;C:\Program Files\Git\cmd;C:\apache-maven-3.8.3-bin\apache-maven-3.8.3\bin;;C:\Program Files\Docker\Docker\resources\bin;C:\ProgramData\DockerDesktop\version-bin;C:\Program Files\nodejs\;C:\ProgramData\chocolatey\bin;C:\Users\vkumar\AppData\Local\Microsoft\WindowsApps;C:\Users\vkumar\AppData\Roaming\npm
USERNAME=vkumar
OS=Windows_NT
PROCESSOR_IDENTIFIER=Intel64 Family 6 Model 85 Stepping 7, GenuineIntel



---------------  S Y S T E M  ---------------

OS: Windows 10.0 , 64 bit Build 19041 (10.0.19041.1202)

CPU:total 4 (initial active 4) (2 cores per cpu, 2 threads per core) family 6 model 85 stepping 7, cmov, cx8, fxsr, mmx, sse, sse2, sse3, ssse3, sse4.1, sse4.2, popcnt, avx, avx2, aes, clmul, erms, rtm, 3dnowpref, lzcnt, ht, tsc, bmi1, bmi2, adx

Memory: 4k page, physical 16776136k(1899216k free), swap 20970180k(5132k free)

vm_info: Java HotSpot(TM) 64-Bit Server VM (25.301-b09) for windows-amd64 JRE (1.8.0_301-b09), built on Jun  9 2021 06:46:21 by "java_re" with MS VC++ 15.9 (VS2017)

time: Thu Nov 25 10:45:42 2021
timezone: Coordinated Universal Time
elapsed time: 1.873077 seconds (0d 0h 0m 1s)

