#
# There is insufficient memory for the Java Runtime Environment to continue.
# Native memory allocation (malloc) failed to allocate 2172976 bytes for Chunk::new
# Possible reasons:
#   The system is out of physical RAM or swap space
#   The process is running with CompressedOops enabled, and the Java Heap may be blocking the growth of the native heap
# Possible solutions:
#   Reduce memory load on the system
#   Increase physical memory or swap space
#   Check if swap backing store is full
#   Decrease Java heap size (-Xmx/-Xms)
#   Decrease number of Java threads
#   Decrease Java thread stack sizes (-Xss)
#   Set larger code cache with -XX:ReservedCodeCacheSize=
#   JVM is running with Unscaled Compressed Oops mode in which the Java heap is
#     placed in the first 4GB address space. The Java Heap base address is the
#     maximum limit for the native heap growth. Please use -XX:HeapBaseMinAddress
#     to set the Java Heap base and to place the Java Heap above 4GB virtual address.
# This output file may be truncated or incomplete.
#
#  Out of Memory Error (allocation.cpp:389), pid=1984, tid=0x0000000000002774
#
# JRE version: Java(TM) SE Runtime Environment (8.0_301-b09) (build 1.8.0_301-b09)
# Java VM: Java HotSpot(TM) 64-Bit Server VM (25.301-b09 mixed mode windows-amd64 compressed oops)
# Failed to write core dump. Minidumps are not enabled by default on client versions of Windows
#

---------------  T H R E A D  ---------------

Current thread (0x00000168a554a000):  JavaThread "C2 CompilerThread0" daemon [_thread_in_native, id=10100, stack(0x0000005831d00000,0x0000005831e00000)]

Stack: [0x0000005831d00000,0x0000005831e00000]
Native frames: (J=compiled Java code, j=interpreted, Vv=VM code, C=native code)
V  [jvm.dll+0x32ed79]
V  [jvm.dll+0x275722]
V  [jvm.dll+0x2763cd]
V  [jvm.dll+0x26ce05]
V  [jvm.dll+0xd551c]
V  [jvm.dll+0xd5d1c]
V  [jvm.dll+0x470143]
V  [jvm.dll+0x437c50]
V  [jvm.dll+0x440c55]
V  [jvm.dll+0x440015]
V  [jvm.dll+0x42ae57]
V  [jvm.dll+0xac1bb]
V  [jvm.dll+0xaa81b]
V  [jvm.dll+0x23ddc2]
V  [jvm.dll+0x2923dc]
C  [ucrtbase.dll+0x21bb2]
C  [KERNEL32.DLL+0x17034]
C  [ntdll.dll+0x52651]


Current CompileTask:
C2:   2067 1407   !   4       java.net.URLClassLoader$1::run (63 bytes)


---------------  P R O C E S S  ---------------

Java Threads: ( => current thread )
  0x00000168a8583000 JavaThread "Cache worker for file hash cache (C:\Corda1\samples-java\Advanced\duediligence-cordapp\.gradle\5.6.4\fileHashes)" [_thread_blocked, id=8940, stack(0x0000005832f00000,0x0000005833000000)]
  0x00000168a8583800 JavaThread "Cache worker for journal cache (C:\Users\vkumar\.gradle\caches\journal-1)" [_thread_blocked, id=12744, stack(0x0000005832e00000,0x0000005832f00000)]
  0x00000168a8582000 JavaThread "File lock request listener" [_thread_in_native, id=1312, stack(0x0000005832d00000,0x0000005832e00000)]
  0x00000168a857f000 JavaThread "Cache worker for file hash cache (C:\Users\vkumar\.gradle\caches\5.6.4\fileHashes)" [_thread_blocked, id=3248, stack(0x0000005832c00000,0x0000005832d00000)]
  0x00000168a7bdc800 JavaThread "Thread-9" [_thread_blocked, id=3564, stack(0x0000005832b00000,0x0000005832c00000)]
  0x00000168a7bd9000 JavaThread "Stdin handler" [_thread_blocked, id=4296, stack(0x0000005832a00000,0x0000005832b00000)]
  0x00000168a7bd8000 JavaThread "Asynchronous log dispatcher for DefaultDaemonConnection: socket connection from /127.0.0.1:65518 to /127.0.0.1:65519" [_thread_blocked, id=3060, stack(0x0000005832900000,0x0000005832a00000)]
  0x00000168a7c0a800 JavaThread "Daemon worker" [_thread_in_vm, id=6220, stack(0x0000005832800000,0x0000005832900000)]
  0x00000168a7c08000 JavaThread "Cancel handler" [_thread_blocked, id=6092, stack(0x0000005832700000,0x0000005832800000)]
  0x00000168a7c03000 JavaThread "Handler for socket connection from /127.0.0.1:65518 to /127.0.0.1:65519" [_thread_in_native, id=15012, stack(0x0000005832600000,0x0000005832700000)]
  0x00000168a7c00800 JavaThread "Daemon" [_thread_blocked, id=15088, stack(0x0000005832500000,0x0000005832600000)]
  0x00000168a7beb000 JavaThread "Daemon periodic checks" [_thread_blocked, id=14752, stack(0x0000005832400000,0x0000005832500000)]
  0x00000168a7bee800 JavaThread "Incoming local TCP Connector on port 65518" [_thread_in_native, id=12684, stack(0x0000005832300000,0x0000005832400000)]
  0x00000168a7b4d000 JavaThread "Daemon health stats" [_thread_blocked, id=14780, stack(0x0000005832200000,0x0000005832300000)]
  0x00000168a55ce000 JavaThread "Service Thread" daemon [_thread_blocked, id=11676, stack(0x0000005832000000,0x0000005832100000)]
  0x00000168a5552000 JavaThread "C1 CompilerThread2" daemon [_thread_blocked, id=15284, stack(0x0000005831f00000,0x0000005832000000)]
  0x00000168a554c000 JavaThread "C2 CompilerThread1" daemon [_thread_in_native, id=6964, stack(0x0000005831e00000,0x0000005831f00000)]
=>0x00000168a554a000 JavaThread "C2 CompilerThread0" daemon [_thread_in_native, id=10100, stack(0x0000005831d00000,0x0000005831e00000)]
  0x00000168a5546000 JavaThread "Attach Listener" daemon [_thread_blocked, id=11632, stack(0x0000005831c00000,0x0000005831d00000)]
  0x00000168a5543000 JavaThread "Signal Dispatcher" daemon [_thread_blocked, id=3196, stack(0x0000005831b00000,0x0000005831c00000)]
  0x00000168a4df4800 JavaThread "Finalizer" daemon [_thread_blocked, id=7468, stack(0x0000005831a00000,0x0000005831b00000)]
  0x00000168a5526000 JavaThread "Reference Handler" daemon [_thread_blocked, id=1028, stack(0x0000005831900000,0x0000005831a00000)]
  0x00000168924e3000 JavaThread "main" [_thread_blocked, id=11520, stack(0x0000005831300000,0x0000005831400000)]

Other Threads:
  0x00000168a5503800 VMThread [stack: 0x0000005831800000,0x0000005831900000] [id=7108]
  0x00000168a55e1000 WatcherThread [stack: 0x0000005832100000,0x0000005832200000] [id=9952]

VM state:not at safepoint (normal execution)

VM Mutex/Monitor currently owned by a thread: None

heap address: 0x00000000e0000000, size: 512 MB, Compressed Oops mode: 32-bit
Narrow klass base: 0x0000000000000000, Narrow klass shift: 3
Compressed class space size: 1073741824 Address: 0x0000000100000000

Heap:
 PSYoungGen      total 76288K, used 48563K [0x00000000f5580000, 0x00000000faa80000, 0x0000000100000000)
  eden space 65536K, 59% used [0x00000000f5580000,0x00000000f7ba79e0,0x00000000f9580000)
  from space 10752K, 88% used [0x00000000fa000000,0x00000000fa9453e8,0x00000000faa80000)
  to   space 10752K, 0% used [0x00000000f9580000,0x00000000f9580000,0x00000000fa000000)
 ParOldGen       total 175104K, used 24K [0x00000000e0000000, 0x00000000eab00000, 0x00000000f5580000)
  object space 175104K, 0% used [0x00000000e0000000,0x00000000e0006000,0x00000000eab00000)
 Metaspace       used 17667K, capacity 18020K, committed 18176K, reserved 1064960K
  class space    used 2602K, capacity 2756K, committed 2816K, reserved 1048576K

Card table byte_map: [0x00000168a3230000,0x00000168a3340000] byte_map_base: 0x00000168a2b30000

Marking Bits: (ParMarkBitMap*) 0x0000000064157fe0
 Begin Bits: [0x00000168a33f0000, 0x00000168a3bf0000)
 End Bits:   [0x00000168a3bf0000, 0x00000168a43f0000)

Polling page: 0x0000016893e40000

CodeCache: size=245760Kb used=5266Kb max_used=5266Kb free=240493Kb
 bounds [0x0000016893e70000, 0x00000168943a0000, 0x00000168a2e70000]
 total_blobs=1929 nmethods=1530 adapters=312
 compilation: enabled

Compilation events (10 events):
Event: 2.024 Thread 0x00000168a5552000 1530       3       sun.reflect.generics.factory.CoreReflectionFactory::getDeclsLoader (85 bytes)
Event: 2.027 Thread 0x00000168a5552000 nmethod 1530 0x000001689438f310 code [0x000001689438f660, 0x0000016894391920]
Event: 2.035 Thread 0x00000168a5552000 1532       3       java.util.concurrent.locks.AbstractQueuedSynchronizer::setState (6 bytes)
Event: 2.035 Thread 0x00000168a5552000 nmethod 1532 0x0000016894392a90 code [0x0000016894392be0, 0x0000016894392d38]
Event: 2.041 Thread 0x00000168a5552000 1533       3       java.net.URI::access$300 (7 bytes)
Event: 2.042 Thread 0x00000168a5552000 nmethod 1533 0x0000016894392dd0 code [0x0000016894392f40, 0x00000168943930b0]
Event: 2.042 Thread 0x00000168a5552000 1534       3       java.net.URI::match (56 bytes)
Event: 2.042 Thread 0x00000168a5552000 nmethod 1534 0x0000016894393150 code [0x00000168943932c0, 0x00000168943935d8]
Event: 2.052 Thread 0x00000168a5552000 1535       3       java.util.LinkedHashMap$LinkedValueIterator::next (8 bytes)
Event: 2.052 Thread 0x00000168a5552000 nmethod 1535 0x0000016894393650 code [0x00000168943937c0, 0x00000168943939d0]

GC Heap History (4 events):
Event: 0.915 GC heap before
{Heap before GC invocations=1 (full 0):
 PSYoungGen      total 76288K, used 65536K [0x00000000f5580000, 0x00000000faa80000, 0x0000000100000000)
  eden space 65536K, 100% used [0x00000000f5580000,0x00000000f9580000,0x00000000f9580000)
  from space 10752K, 0% used [0x00000000fa000000,0x00000000fa000000,0x00000000faa80000)
  to   space 10752K, 0% used [0x00000000f9580000,0x00000000f9580000,0x00000000fa000000)
 ParOldGen       total 175104K, used 0K [0x00000000e0000000, 0x00000000eab00000, 0x00000000f5580000)
  object space 175104K, 0% used [0x00000000e0000000,0x00000000e0000000,0x00000000eab00000)
 Metaspace       used 6967K, capacity 7240K, committed 7424K, reserved 1056768K
  class space    used 878K, capacity 948K, committed 1024K, reserved 1048576K
Event: 0.922 GC heap after
Heap after GC invocations=1 (full 0):
 PSYoungGen      total 76288K, used 5588K [0x00000000f5580000, 0x00000000faa80000, 0x0000000100000000)
  eden space 65536K, 0% used [0x00000000f5580000,0x00000000f5580000,0x00000000f9580000)
  from space 10752K, 51% used [0x00000000f9580000,0x00000000f9af5048,0x00000000fa000000)
  to   space 10752K, 0% used [0x00000000fa000000,0x00000000fa000000,0x00000000faa80000)
 ParOldGen       total 175104K, used 16K [0x00000000e0000000, 0x00000000eab00000, 0x00000000f5580000)
  object space 175104K, 0% used [0x00000000e0000000,0x00000000e0004000,0x00000000eab00000)
 Metaspace       used 6967K, capacity 7240K, committed 7424K, reserved 1056768K
  class space    used 878K, capacity 948K, committed 1024K, reserved 1048576K
}
Event: 1.658 GC heap before
{Heap before GC invocations=2 (full 0):
 PSYoungGen      total 76288K, used 71124K [0x00000000f5580000, 0x00000000faa80000, 0x0000000100000000)
  eden space 65536K, 100% used [0x00000000f5580000,0x00000000f9580000,0x00000000f9580000)
  from space 10752K, 51% used [0x00000000f9580000,0x00000000f9af5048,0x00000000fa000000)
  to   space 10752K, 0% used [0x00000000fa000000,0x00000000fa000000,0x00000000faa80000)
 ParOldGen       total 175104K, used 16K [0x00000000e0000000, 0x00000000eab00000, 0x00000000f5580000)
  object space 175104K, 0% used [0x00000000e0000000,0x00000000e0004000,0x00000000eab00000)
 Metaspace       used 14136K, capacity 14404K, committed 14720K, reserved 1062912K
  class space    used 2021K, capacity 2118K, committed 2176K, reserved 1048576K
Event: 1.671 GC heap after
Heap after GC invocations=2 (full 0):
 PSYoungGen      total 76288K, used 9492K [0x00000000f5580000, 0x00000000faa80000, 0x0000000100000000)
  eden space 65536K, 0% used [0x00000000f5580000,0x00000000f5580000,0x00000000f9580000)
  from space 10752K, 88% used [0x00000000fa000000,0x00000000fa9453e8,0x00000000faa80000)
  to   space 10752K, 0% used [0x00000000f9580000,0x00000000f9580000,0x00000000fa000000)
 ParOldGen       total 175104K, used 24K [0x00000000e0000000, 0x00000000eab00000, 0x00000000f5580000)
  object space 175104K, 0% used [0x00000000e0000000,0x00000000e0006000,0x00000000eab00000)
 Metaspace       used 14136K, capacity 14404K, committed 14720K, reserved 1062912K
  class space    used 2021K, capacity 2118K, committed 2176K, reserved 1048576K
}

Deoptimization events (10 events):
Event: 1.402 Thread 0x00000168a7c0a800 Uncommon trap: reason=bimorphic action=maybe_recompile pc=0x00000168940effd8 method=java.util.HashMap.putVal(ILjava/lang/Object;Ljava/lang/Object;ZZ)Ljava/lang/Object; @ 253
Event: 1.541 Thread 0x00000168a7c0a800 Uncommon trap: reason=class_check action=maybe_recompile pc=0x000001689413e658 method=java.util.regex.Matcher.match(II)Z @ 86
Event: 1.551 Thread 0x00000168a7c0a800 Uncommon trap: reason=class_check action=maybe_recompile pc=0x000001689413e658 method=java.util.regex.Matcher.match(II)Z @ 86
Event: 1.552 Thread 0x00000168a7c0a800 Uncommon trap: reason=class_check action=maybe_recompile pc=0x000001689413e658 method=java.util.regex.Matcher.match(II)Z @ 86
Event: 1.552 Thread 0x00000168a7c0a800 Uncommon trap: reason=class_check action=maybe_recompile pc=0x0000016893fe1d94 method=java.util.regex.Matcher.match(II)Z @ 86
Event: 1.764 Thread 0x00000168a7c0a800 Uncommon trap: reason=unstable_if action=reinterpret pc=0x00000168942b68b4 method=java.lang.String.lastIndexOf([CII[CIII)I @ 66
Event: 1.835 Thread 0x00000168a7c0a800 Uncommon trap: reason=unstable_if action=reinterpret pc=0x00000168942a7328 method=java.util.HashMap.putVal(ILjava/lang/Object;Ljava/lang/Object;ZZ)Ljava/lang/Object; @ 236
Event: 2.041 Thread 0x00000168a7c0a800 Uncommon trap: reason=unstable_if action=reinterpret pc=0x0000016893fe5848 method=java.net.URI.match(CJJ)Z @ 19
Event: 2.041 Thread 0x00000168a7c0a800 Uncommon trap: reason=unstable_if action=reinterpret pc=0x00000168940cac00 method=java.net.URI.match(CJJ)Z @ 19
Event: 2.041 Thread 0x00000168a7c0a800 Uncommon trap: reason=unstable_if action=reinterpret pc=0x0000016893fe2e88 method=java.net.URI.match(CJJ)Z @ 19

Classes redefined (0 events):
No events

Internal exceptions (10 events):
Event: 0.448 Thread 0x00000168924e3000 Exception <a 'java/lang/ArrayIndexOutOfBoundsException'> (0x00000000f6891808) thrown at [C:\jenkins\workspace\8-2-build-windows-amd64-cygwin\jdk8u301\1513\hotspot\src\share\vm\runtime\sharedRuntime.cpp, line 609]
Event: 0.448 Thread 0x00000168924e3000 Exception <a 'java/lang/ArrayIndexOutOfBoundsException'> (0x00000000f689ea78) thrown at [C:\jenkins\workspace\8-2-build-windows-amd64-cygwin\jdk8u301\1513\hotspot\src\share\vm\runtime\sharedRuntime.cpp, line 609]
Event: 0.448 Thread 0x00000168924e3000 Exception <a 'java/lang/ArrayIndexOutOfBoundsException'> (0x00000000f68a1268) thrown at [C:\jenkins\workspace\8-2-build-windows-amd64-cygwin\jdk8u301\1513\hotspot\src\share\vm\runtime\sharedRuntime.cpp, line 609]
Event: 0.449 Thread 0x00000168924e3000 Exception <a 'java/lang/ArrayIndexOutOfBoundsException'> (0x00000000f68ab928) thrown at [C:\jenkins\workspace\8-2-build-windows-amd64-cygwin\jdk8u301\1513\hotspot\src\share\vm\runtime\sharedRuntime.cpp, line 609]
Event: 1.059 Thread 0x00000168924e3000 Exception <a 'java/lang/NoSuchFieldError': method resolution failed> (0x00000000f65cb980) thrown at [C:\jenkins\workspace\8-2-build-windows-amd64-cygwin\jdk8u301\1513\hotspot\src\share\vm\prims\methodHandles.cpp, line 1169]
Event: 1.060 Thread 0x00000168924e3000 Exception <a 'java/lang/NoSuchFieldError': method resolution failed> (0x00000000f65d98a8) thrown at [C:\jenkins\workspace\8-2-build-windows-amd64-cygwin\jdk8u301\1513\hotspot\src\share\vm\prims\methodHandles.cpp, line 1169]
Event: 1.346 Thread 0x00000168924e3000 Exception <a 'java/io/IOException'> (0x00000000f6e1dc78) thrown at [C:\jenkins\workspace\8-2-build-windows-amd64-cygwin\jdk8u301\1513\hotspot\src\share\vm\prims\jni.cpp, line 710]
Event: 1.740 Thread 0x00000168a7c0a800 Exception <a 'java/lang/NoSuchMethodError': java.lang.Object.lambda$and$0(Ljava/util/function/Predicate;Ljava/lang/Object;)Z> (0x00000000f5dbe740) thrown at [C:\jenkins\workspace\8-2-build-windows-amd64-cygwin\jdk8u301\1513\hotspot\src\share\vm\interprete
Event: 1.744 Thread 0x00000168a7c0a800 Exception <a 'java/lang/IncompatibleClassChangeError': Found class java.lang.Object, but interface was expected> (0x00000000f5dd4c20) thrown at [C:\jenkins\workspace\8-2-build-windows-amd64-cygwin\jdk8u301\1513\hotspot\src\share\vm\interpreter\linkResolve
Event: 1.745 Thread 0x00000168a7c0a800 Exception <a 'java/lang/NoSuchMethodError': java.lang.Object.lambda$or$2(Ljava/util/function/Predicate;Ljava/lang/Object;)Z> (0x00000000f5dd9ba8) thrown at [C:\jenkins\workspace\8-2-build-windows-amd64-cygwin\jdk8u301\1513\hotspot\src\share\vm\interpreter

Events (10 events):
Event: 2.052 loading class org/gradle/invocation/DefaultGradle$1
Event: 2.052 loading class org/gradle/invocation/DefaultGradle$1 done
Event: 2.053 loading class org/gradle/util/VersionNumber
Event: 2.053 loading class org/gradle/util/VersionNumber done
Event: 2.053 loading class org/gradle/util/VersionNumber$AbstractScheme
Event: 2.053 loading class org/gradle/util/VersionNumber$AbstractScheme done
Event: 2.053 loading class org/gradle/util/VersionNumber$Scheme
Event: 2.053 loading class org/gradle/util/VersionNumber$Scheme done
Event: 2.053 loading class org/gradle/util/VersionNumber$SchemeWithPatchVersion
Event: 2.053 loading class org/gradle/util/VersionNumber$SchemeWithPatchVersion done


Dynamic libraries:
0x00007ff6a2020000 - 0x00007ff6a2067000 	C:\Program Files\Java\jdk1.8.0_301\bin\java.exe
0x00007ffb50cb0000 - 0x00007ffb50ea5000 	C:\Windows\SYSTEM32\ntdll.dll
0x00007ffb50350000 - 0x00007ffb5040e000 	C:\Windows\System32\KERNEL32.DLL
0x00007ffb4e660000 - 0x00007ffb4e929000 	C:\Windows\System32\KERNELBASE.dll
0x00007ffb4ffd0000 - 0x00007ffb5007c000 	C:\Windows\System32\ADVAPI32.dll
0x00007ffb4fec0000 - 0x00007ffb4ff5e000 	C:\Windows\System32\msvcrt.dll
0x00007ffb4fc70000 - 0x00007ffb4fd0b000 	C:\Windows\System32\sechost.dll
0x00007ffb4fb40000 - 0x00007ffb4fc6a000 	C:\Windows\System32\RPCRT4.dll
0x00007ffb50630000 - 0x00007ffb507d1000 	C:\Windows\System32\USER32.dll
0x00007ffb4ecd0000 - 0x00007ffb4ecf2000 	C:\Windows\System32\win32u.dll
0x00007ffb4f2b0000 - 0x00007ffb4f2db000 	C:\Windows\System32\GDI32.dll
0x00007ffb4eb40000 - 0x00007ffb4ec4b000 	C:\Windows\System32\gdi32full.dll
0x00007ffb4e430000 - 0x00007ffb4e4cd000 	C:\Windows\System32\msvcp_win.dll
0x00007ffb4e560000 - 0x00007ffb4e660000 	C:\Windows\System32\ucrtbase.dll
0x00007ffb301d0000 - 0x00007ffb3046a000 	C:\Windows\WinSxS\amd64_microsoft.windows.common-controls_6595b64144ccf1df_6.0.19041.1110_none_60b5254171f9507e\COMCTL32.dll
0x00007ffb50310000 - 0x00007ffb50340000 	C:\Windows\System32\IMM32.DLL
0x00007ffb32b10000 - 0x00007ffb32b25000 	C:\Program Files\Java\jdk1.8.0_301\jre\bin\vcruntime140.dll
0x00007ffb1dd60000 - 0x00007ffb1ddfb000 	C:\Program Files\Java\jdk1.8.0_301\jre\bin\msvcp140.dll
0x0000000063970000 - 0x00000000641d0000 	C:\Program Files\Java\jdk1.8.0_301\jre\bin\server\jvm.dll
0x00007ffb50340000 - 0x00007ffb50348000 	C:\Windows\System32\PSAPI.DLL
0x00007ffb21910000 - 0x00007ffb21919000 	C:\Windows\SYSTEM32\WSOCK32.dll
0x00007ffb505c0000 - 0x00007ffb5062b000 	C:\Windows\System32\WS2_32.dll
0x00007ffb49100000 - 0x00007ffb4910a000 	C:\Windows\SYSTEM32\VERSION.dll
0x00007ffb2f380000 - 0x00007ffb2f3a7000 	C:\Windows\SYSTEM32\WINMM.dll
0x00007ffb4c2b0000 - 0x00007ffb4c2c2000 	C:\Windows\SYSTEM32\kernel.appcore.dll
0x00007ffb32b00000 - 0x00007ffb32b10000 	C:\Program Files\Java\jdk1.8.0_301\jre\bin\verify.dll
0x00007ffb32a70000 - 0x00007ffb32a9b000 	C:\Program Files\Java\jdk1.8.0_301\jre\bin\java.dll
0x00007ffb32a50000 - 0x00007ffb32a68000 	C:\Program Files\Java\jdk1.8.0_301\jre\bin\zip.dll
0x00007ffb4f400000 - 0x00007ffb4fb3f000 	C:\Windows\System32\SHELL32.dll
0x00007ffb4c4b0000 - 0x00007ffb4cc40000 	C:\Windows\SYSTEM32\windows.storage.dll
0x00007ffb4ee90000 - 0x00007ffb4f1e5000 	C:\Windows\System32\combase.dll
0x00007ffb4dc70000 - 0x00007ffb4dc9c000 	C:\Windows\SYSTEM32\Wldp.dll
0x00007ffb50130000 - 0x00007ffb501de000 	C:\Windows\System32\SHCORE.dll
0x00007ffb4f1f0000 - 0x00007ffb4f245000 	C:\Windows\System32\shlwapi.dll
0x00007ffb4e310000 - 0x00007ffb4e32f000 	C:\Windows\SYSTEM32\profapi.dll
0x00007ffb2b3f0000 - 0x00007ffb2b40c000 	C:\Program Files\Java\jdk1.8.0_301\jre\bin\net.dll
0x00007ffb4da50000 - 0x00007ffb4daba000 	C:\Windows\system32\mswsock.dll
0x00007ffb21ad0000 - 0x00007ffb21ae3000 	C:\Program Files\Java\jdk1.8.0_301\jre\bin\nio.dll
0x00007ffb21920000 - 0x00007ffb21946000 	C:\Users\vkumar\.gradle\native\30\windows-amd64\native-platform.dll
0x00007ffb2b3e0000 - 0x00007ffb2b3ed000 	C:\Program Files\Java\jdk1.8.0_301\jre\bin\management.dll
0x00007ffb4dcb0000 - 0x00007ffb4dcc8000 	C:\Windows\SYSTEM32\CRYPTSP.dll
0x00007ffb4d3f0000 - 0x00007ffb4d424000 	C:\Windows\system32\rsaenh.dll
0x00007ffb4ec50000 - 0x00007ffb4ec77000 	C:\Windows\System32\bcrypt.dll
0x00007ffb4e290000 - 0x00007ffb4e2be000 	C:\Windows\SYSTEM32\USERENV.dll
0x00007ffb4e4d0000 - 0x00007ffb4e553000 	C:\Windows\System32\bcryptprimitives.dll
0x00007ffb4dbe0000 - 0x00007ffb4dbec000 	C:\Windows\SYSTEM32\CRYPTBASE.dll
0x00007ffb4d760000 - 0x00007ffb4d79b000 	C:\Windows\SYSTEM32\IPHLPAPI.DLL
0x00007ffb507e0000 - 0x00007ffb507e8000 	C:\Windows\System32\NSI.dll
0x00007ffb49d30000 - 0x00007ffb49d47000 	C:\Windows\SYSTEM32\dhcpcsvc6.DLL
0x00007ffb49c50000 - 0x00007ffb49c6d000 	C:\Windows\SYSTEM32\dhcpcsvc.DLL
0x00007ffb4d7a0000 - 0x00007ffb4d86c000 	C:\Windows\SYSTEM32\DNSAPI.dll
0x00007ffb3dff0000 - 0x00007ffb3e1d4000 	C:\Windows\SYSTEM32\dbghelp.dll

VM Arguments:
jvm_args: -XX:MaxMetaspaceSize=256m -XX:+HeapDumpOnOutOfMemoryError -Xms256m -Xmx512m -Dfile.encoding=windows-1252 -Duser.country=US -Duser.language=en -Duser.variant 
java_command: org.gradle.launcher.daemon.bootstrap.GradleDaemon 5.6.4
java_class_path (initial): C:\Users\vkumar\.gradle\wrapper\dists\gradle-5.6.4-all\ankdp27end7byghfw1q2sw75f\gradle-5.6.4\lib\gradle-launcher-5.6.4.jar
Launcher Type: SUN_STANDARD

Environment Variables:
JAVA_HOME=C:\Program Files\Java\jdk1.8.0_301
CLASSPATH=C:\Corda1\samples-java\Advanced\duediligence-cordapp\\gradle\wrapper\gradle-wrapper.jar
PATH=C:\Python310\Scripts\;C:\Python310\;C:\Program Files (x86)\Microsoft SDKs\Azure\CLI2\wbin;C:\Program Files (x86)\Common Files\Oracle\Java\javapath;C:\Windows\system32;C:\Windows;C:\Windows\System32\Wbem;C:\Windows\System32\WindowsPowerShell\v1.0\;C:\Windows\System32\OpenSSH\;C:\Program Files\Java\jdk1.8.0_301\bin;C:\Program Files\Git\cmd;C:\apache-maven-3.8.3-bin\apache-maven-3.8.3\bin;;C:\Program Files\Docker\Docker\resources\bin;C:\ProgramData\DockerDesktop\version-bin;C:\Program Files\nodejs\;C:\ProgramData\chocolatey\bin;C:\Users\vkumar\AppData\Local\Microsoft\WindowsApps;C:\Users\vkumar\AppData\Roaming\npm
USERNAME=vkumar
OS=Windows_NT
PROCESSOR_IDENTIFIER=Intel64 Family 6 Model 85 Stepping 7, GenuineIntel



---------------  S Y S T E M  ---------------

OS: Windows 10.0 , 64 bit Build 19041 (10.0.19041.1202)

CPU:total 4 (initial active 4) (2 cores per cpu, 2 threads per core) family 6 model 85 stepping 7, cmov, cx8, fxsr, mmx, sse, sse2, sse3, ssse3, sse4.1, sse4.2, popcnt, avx, avx2, aes, clmul, erms, rtm, 3dnowpref, lzcnt, ht, tsc, bmi1, bmi2, adx

Memory: 4k page, physical 16776136k(1825140k free), swap 20970180k(5212k free)

vm_info: Java HotSpot(TM) 64-Bit Server VM (25.301-b09) for windows-amd64 JRE (1.8.0_301-b09), built on Jun  9 2021 06:46:21 by "java_re" with MS VC++ 15.9 (VS2017)

time: Thu Nov 25 10:46:48 2021
timezone: Coordinated Universal Time
elapsed time: 2.071851 seconds (0d 0h 0m 2s)

